nohup: ignoring input
[20/Nov/2016 00:00:25]"GET / HTTP/1.1" 200 4205
[20/Nov/2016 00:00:25]"GET /static/css/bootstrap.min.css HTTP/1.1" 304 0
[20/Nov/2016 00:00:25]"GET /static/css/ie10-viewport-bug-workaround.css HTTP/1.1" 304 0
[20/Nov/2016 00:00:25]"GET /static/css/navbar-static-top.css HTTP/1.1" 304 0
[20/Nov/2016 00:00:25]"GET /static/css/custom.css HTTP/1.1" 304 0
[20/Nov/2016 00:00:25]"GET /static/css/font-awesome.min.css HTTP/1.1" 304 0
[20/Nov/2016 00:00:25]"GET /static/js/bootstrap.min.js HTTP/1.1" 304 0
[20/Nov/2016 00:00:25]"GET /static/js/ie10-viewport-bug-workaround.js HTTP/1.1" 304 0
[20/Nov/2016 00:00:25]"GET /favicon.ico HTTP/1.1" 404 3085
[20/Nov/2016 00:00:30]"GET /questions/ HTTP/1.1" 200 4974
[20/Nov/2016 00:00:35]"POST /questions/ HTTP/1.1" 200 4974
[20/Nov/2016 00:00:38]"POST /questions/ HTTP/1.1" 200 4974
[20/Nov/2016 00:00:42]"GET /questions/1/ HTTP/1.1" 200 6558
[20/Nov/2016 00:05:04]"GET /admin/ HTTP/1.1" 200 9426
[20/Nov/2016 00:05:04]"GET /static/admin/css/base.css HTTP/1.1" 304 0
[20/Nov/2016 00:05:04]"GET /static/admin/css/dashboard.css HTTP/1.1" 304 0
[20/Nov/2016 00:05:04]"GET /static/admin/img/default-bg.gif HTTP/1.1" 304 0
[20/Nov/2016 00:05:04]"GET /static/admin/img/icon_addlink.gif HTTP/1.1" 304 0
[20/Nov/2016 00:05:04]"GET /static/admin/img/icon_changelink.gif HTTP/1.1" 304 0
[20/Nov/2016 00:05:04]"GET /static/admin/img/nav-bg.gif HTTP/1.1" 304 0
[20/Nov/2016 00:05:11]"GET /admin/questions/answer/ HTTP/1.1" 200 8716
[20/Nov/2016 00:05:11]"GET /static/admin/js/admin/RelatedObjectLookups.js HTTP/1.1" 304 0
[20/Nov/2016 00:05:11]"GET /static/admin/css/changelists.css HTTP/1.1" 304 0
[20/Nov/2016 00:05:11]"GET /static/admin/js/core.js HTTP/1.1" 304 0
[20/Nov/2016 00:05:11]"GET /static/admin/js/jquery.js HTTP/1.1" 304 0
[20/Nov/2016 00:05:11]"GET /static/admin/js/jquery.init.js HTTP/1.1" 304 0
[20/Nov/2016 00:05:11]"GET /static/admin/js/actions.js HTTP/1.1" 304 0
[20/Nov/2016 00:05:11]"GET /admin/jsi18n/ HTTP/1.1" 200 2372
[20/Nov/2016 00:05:11]"GET /static/admin/img/nav-bg-reverse.gif HTTP/1.1" 304 0
[20/Nov/2016 00:05:11]"GET /static/admin/img/tooltag-add.png HTTP/1.1" 304 0
[20/Nov/2016 00:05:14]"GET /admin/questions/answer/add/ HTTP/1.1" 200 6300
[20/Nov/2016 00:05:14]"GET /admin/jsi18n/ HTTP/1.1" 200 2372
[20/Nov/2016 00:05:14]"GET /static/admin/css/forms.css HTTP/1.1" 304 0
[20/Nov/2016 00:05:14]"GET /static/admin/js/related-widget-wrapper.js HTTP/1.1" 304 0
[20/Nov/2016 00:05:14]"GET /static/admin/css/widgets.css HTTP/1.1" 304 0
nohup: ignoring input
[20/Nov/2016 02:36:29]"GET /admin/questions/answer/ HTTP/1.1" 200 8716
[20/Nov/2016 02:36:29]"GET /admin/jsi18n/ HTTP/1.1" 200 2372
[20/Nov/2016 02:36:33]"GET /admin/questions/ HTTP/1.1" 200 3314
[20/Nov/2016 02:36:37]"GET /admin/questions/useranswer/ HTTP/1.1" 200 3206
[20/Nov/2016 02:36:37]"GET /admin/jsi18n/ HTTP/1.1" 200 2372
[20/Nov/2016 02:36:39]"GET /admin/questions/useranswer/add/ HTTP/1.1" 200 11959
[20/Nov/2016 02:36:39]"GET /admin/jsi18n/ HTTP/1.1" 200 2372
[20/Nov/2016 02:36:59]"GET /admin/questions/useranswer/ HTTP/1.1" 200 3206
[20/Nov/2016 02:36:59]"GET /admin/jsi18n/ HTTP/1.1" 200 2372
[20/Nov/2016 02:37:02]"GET /admin/questions/ HTTP/1.1" 200 3314
[20/Nov/2016 02:37:13]"GET /admin/questions/useranswer/ HTTP/1.1" 200 3206
[20/Nov/2016 02:37:13]"GET /admin/jsi18n/ HTTP/1.1" 200 2372
[20/Nov/2016 02:37:15]"GET /admin/questions/useranswer/add/ HTTP/1.1" 200 11959
[20/Nov/2016 02:37:15]"GET /admin/jsi18n/ HTTP/1.1" 200 2372
[20/Nov/2016 02:37:26]"GET /admin/questions/useranswer/ HTTP/1.1" 200 3206
[20/Nov/2016 02:37:26]"GET /admin/jsi18n/ HTTP/1.1" 200 2372
Performing system checks...

System check identified no issues (0 silenced).
November 20, 2016 - 02:36:15
Django version 1.8.3, using settings 'matchmaker.settings'
Starting development server at http://127.0.0.1:8000/
Quit the server with CONTROL-C.
nohup: ignoring input
[20/Nov/2016 02:59:39]"GET /question/1 HTTP/1.1" 404 3082
[20/Nov/2016 02:59:44]"GET /questions/1/ HTTP/1.1" 200 6558
Performing system checks...

System check identified no issues (0 silenced).
November 20, 2016 - 02:59:19
Django version 1.8.3, using settings 'matchmaker.settings'
Starting development server at http://127.0.0.1:8000/
Quit the server with CONTROL-C.
1
[20/Nov/2016 03:00:27]"GET /question/1/ HTTP/1.1" 200 6558
[20/Nov/2016 03:00:46]"POST /question/1/ HTTP/1.1" 500 70994
Performing system checks...

System check identified no issues (0 silenced).
November 20, 2016 - 03:00:23
Django version 1.8.3, using settings 'matchmaker.settings'
Starting development server at http://127.0.0.1:8000/
Quit the server with CONTROL-C.
1
1
{'match_importance_level': u'Somewhat Important', 'importance_level': u'Very Important', 'answer_id': 1, 'match_answer_id': 5, 'question_id': 1}
[20/Nov/2016 03:03:01]"GET /question/1/ HTTP/1.1" 200 6558
[20/Nov/2016 03:03:01]"GET /static/css/bootstrap.min.css HTTP/1.1" 304 0
[20/Nov/2016 03:03:01]"GET /static/css/ie10-viewport-bug-workaround.css HTTP/1.1" 304 0
[20/Nov/2016 03:03:01]"GET /static/css/navbar-static-top.css HTTP/1.1" 304 0
[20/Nov/2016 03:03:01]"GET /static/css/custom.css HTTP/1.1" 304 0
[20/Nov/2016 03:03:01]"GET /static/css/font-awesome.min.css HTTP/1.1" 304 0
[20/Nov/2016 03:03:01]"GET /static/js/ie10-viewport-bug-workaround.js HTTP/1.1" 304 0
[20/Nov/2016 03:03:01]"GET /static/js/bootstrap.min.js HTTP/1.1" 304 0
[20/Nov/2016 03:03:05]"POST /question/1/ HTTP/1.1" 500 132032
nohup: ignoring input
[20/Nov/2016 03:05:37]"GET /question/1/ HTTP/1.1" 200 6558
[20/Nov/2016 03:06:27]"POST /question/1/ HTTP/1.1" 500 132029
Performing system checks...

System check identified no issues (0 silenced).
November 20, 2016 - 03:03:43
Django version 1.8.3, using settings 'matchmaker.settings'
Starting development server at http://127.0.0.1:8000/
Quit the server with CONTROL-C.
1
1
{'match_importance_level': u'Somewhat Important', 'importance_level': u'Very Important', 'answer_id': 1, 'match_answer_id': 5, 'question_id': 1}
nohup: ignoring input
[20/Nov/2016 03:16:06]"GET /question/1/ HTTP/1.1" 200 6618
[20/Nov/2016 03:16:15]"POST /question/1/ HTTP/1.1" 500 132048
Performing system checks...

System check identified no issues (0 silenced).
November 20, 2016 - 03:16:02
Django version 1.8.3, using settings 'matchmaker.settings'
Starting development server at http://127.0.0.1:8000/
Quit the server with CONTROL-C.
1
1
{'match_importance_level': u'Somewhat Important', 'importance_level': u'Very Important', 'match_answer_id': 5, 'user_answer_id': 1, 'question_id': 1}
[20/Nov/2016 03:20:37]"POST /question/1/ HTTP/1.1" 302 0
[20/Nov/2016 03:20:37]"GET /question/2/ HTTP/1.1" 200 6379
[20/Nov/2016 03:20:37]"GET /static/css/bootstrap.min.css HTTP/1.1" 304 0
[20/Nov/2016 03:20:37]"GET /static/css/ie10-viewport-bug-workaround.css HTTP/1.1" 304 0
[20/Nov/2016 03:20:37]"GET /static/css/navbar-static-top.css HTTP/1.1" 304 0
[20/Nov/2016 03:20:37]"GET /static/css/font-awesome.min.css HTTP/1.1" 304 0
[20/Nov/2016 03:20:37]"GET /static/css/custom.css HTTP/1.1" 304 0
[20/Nov/2016 03:20:37]"GET /static/js/bootstrap.min.js HTTP/1.1" 304 0
[20/Nov/2016 03:20:37]"GET /static/js/ie10-viewport-bug-workaround.js HTTP/1.1" 304 0
[20/Nov/2016 03:20:42]"GET /admin/ HTTP/1.1" 200 9426
[20/Nov/2016 03:20:46]"GET /admin/questions/useranswer/ HTTP/1.1" 500 242638
Performing system checks...

System check identified no issues (0 silenced).
November 20, 2016 - 03:20:23
Django version 1.8.3, using settings 'matchmaker.settings'
Starting development server at http://127.0.0.1:8000/
Quit the server with CONTROL-C.
1
{'match_importance_level': u'Somewhat Important', 'importance_level': u'Very Important', 'match_answer_id': 5, 'user_answer_id': 1, 'question_id': 1}
2
[20/Nov/2016 03:21:16]"GET /admin/questions/useranswer/ HTTP/1.1" 200 4390
[20/Nov/2016 03:21:16]"GET /static/admin/css/changelists.css HTTP/1.1" 304 0
[20/Nov/2016 03:21:16]"GET /static/admin/css/base.css HTTP/1.1" 304 0
[20/Nov/2016 03:21:16]"GET /admin/jsi18n/ HTTP/1.1" 200 2372
[20/Nov/2016 03:21:17]"GET /static/admin/js/admin/RelatedObjectLookups.js HTTP/1.1" 304 0
[20/Nov/2016 03:21:17]"GET /static/admin/js/core.js HTTP/1.1" 304 0
[20/Nov/2016 03:21:17]"GET /static/admin/js/jquery.js HTTP/1.1" 304 0
[20/Nov/2016 03:21:17]"GET /static/admin/js/jquery.init.js HTTP/1.1" 304 0
[20/Nov/2016 03:21:17]"GET /static/admin/js/actions.js HTTP/1.1" 304 0
[20/Nov/2016 03:21:17]"GET /static/admin/img/nav-bg-reverse.gif HTTP/1.1" 304 0
[20/Nov/2016 03:21:17]"GET /static/admin/img/tooltag-add.png HTTP/1.1" 304 0
[20/Nov/2016 03:21:17]"GET /static/admin/img/nav-bg.gif HTTP/1.1" 304 0
[20/Nov/2016 03:21:19]"GET /admin/questions/useranswer/1/ HTTP/1.1" 200 12149
[20/Nov/2016 03:21:19]"GET /admin/jsi18n/ HTTP/1.1" 200 2372
[20/Nov/2016 03:21:19]"GET /static/admin/img/icon_deletelink.gif HTTP/1.1" 304 0
Performing system checks...

System check identified no issues (0 silenced).
November 20, 2016 - 03:21:13
Django version 1.8.3, using settings 'matchmaker.settings'
Starting development server at http://127.0.0.1:8000/
Quit the server with CONTROL-C.
[20/Nov/2016 03:23:59]"GET /question/1 HTTP/1.1" 301 0
[20/Nov/2016 03:23:59]"GET /question/1/ HTTP/1.1" 200 6618
[20/Nov/2016 03:24:13]"GET /question/2/ HTTP/1.1" 200 6379
[20/Nov/2016 03:24:36]"POST /question/2/ HTTP/1.1" 500 80720
Performing system checks...

System check identified no issues (0 silenced).
November 20, 2016 - 03:23:36
Django version 1.8.3, using settings 'matchmaker.settings'
Starting development server at http://127.0.0.1:8000/
Quit the server with CONTROL-C.
1
2
2
{'match_importance_level': u'Mandatory', 'importance_level': u'Somewhat Important', 'match_answer_id': -1, 'user_answer_id': 13, 'question_id': 2}
[20/Nov/2016 03:25:29]"POST /question/2/ HTTP/1.1" 302 0
[20/Nov/2016 03:25:29]"GET /question/2/ HTTP/1.1" 200 6379
[20/Nov/2016 03:25:29]"GET /static/css/bootstrap.min.css HTTP/1.1" 304 0
[20/Nov/2016 03:25:30]"GET /static/css/ie10-viewport-bug-workaround.css HTTP/1.1" 304 0
[20/Nov/2016 03:25:30]"GET /static/css/navbar-static-top.css HTTP/1.1" 304 0
[20/Nov/2016 03:25:30]"GET /static/css/custom.css HTTP/1.1" 304 0
[20/Nov/2016 03:25:30]"GET /static/css/font-awesome.min.css HTTP/1.1" 304 0
[20/Nov/2016 03:25:30]"GET /static/js/bootstrap.min.js HTTP/1.1" 304 0
[20/Nov/2016 03:25:30]"GET /static/js/ie10-viewport-bug-workaround.js HTTP/1.1" 304 0
[20/Nov/2016 03:25:36]"GET /admin/ HTTP/1.1" 200 9426
[20/Nov/2016 03:25:38]"GET /admin/questions/useranswer/ HTTP/1.1" 200 4610
[20/Nov/2016 03:25:38]"GET /admin/jsi18n/ HTTP/1.1" 200 2372
[20/Nov/2016 03:25:39]"GET /admin/questions/useranswer/2/ HTTP/1.1" 200 12149
[20/Nov/2016 03:25:39]"GET /admin/jsi18n/ HTTP/1.1" 200 2372
